[2008-08-12 14:23:15,392] [INFO ] [httpSSLWorkerThread-8880-1] [AUDIT_LOGGER] Configuring logging from /home/recht/eclipse/poc-provider/oiosaml/oiosaml-sp.log4j.xml
[2008-08-12 14:23:15,412] [INFO ] [httpSSLWorkerThread-8880-1] [AUDIT_LOGGER] Configuring logging from /home/recht/eclipse/poc-provider/oiosaml/oiosaml-sp.log4j.xml
[2008-08-12 14:23:39,385] [INFO ] [pool-1-thread-4] [AUDIT_LOGGER] Configuring logging from /home/recht/eclipse/poc-provider/oiosaml/oiosaml-sp.log4j.xml
[2008-08-12 14:23:39,489] [INFO ] [pool-1-thread-4] [AUDIT_LOGGER] Configuring logging from /home/recht/eclipse/poc-provider/oiosaml/oiosaml-sp.log4j.xml
[2008-08-12 14:23:51,024] [INFO ] [httpSSLWorkerThread-8880-0] [AUDIT_LOGGER] [recht-laptop] [Authn] [dk.itst.oiosaml.sp.service.LoginHandler:] [] [AUDIT] [Authn] [null] [null] [NORMAL] [] [] [<AuthnRequest>=[<?xml version="1.0" encoding="UTF-8"?><samlp:AuthnRequest xmlns:samlp="urn:oasis:names:tc:SAML:2.0:protocol" Destination="https://saml-idp.trifork.com:9031/idp/SSO.saml2" ForceAuthn="false" ID="_1c531034-9c01-4421-ab10-a92ea33517a1" IsPassive="false" IssueInstant="2008-08-12T14:23:50.882Z" ProtocolBinding="urn:oasis:names:tc:SAML:2.0:bindings:HTTP-POST" Version="2.0"><saml:Issuer xmlns:saml="urn:oasis:names:tc:SAML:2.0:assertion">saml.poc-provider.trifork.com</saml:Issuer></samlp:AuthnRequest>]]
[2008-08-12 14:24:49,862] [INFO ] [httpSSLWorkerThread-8880-1] [AUDIT_LOGGER] [recht-laptop] [Authn] [dk.itst.oiosaml.sp.service.LoginHandler:] [] [EXECTIME] [CONSUMER] [https://saml-idp.trifork.com:9031] [https://saml-idp.trifork.com:9031/idp/SSO.saml2] [<AuthnRequest>] [58785] [ID=_1c531034-9c01-4421-ab10-a92ea33517a1]
[2008-08-12 14:24:50,074] [INFO ] [httpSSLWorkerThread-8880-1] [AUDIT_LOGGER] [recht-laptop] [SAMLAssertionConsumerHandler] [dk.itst.oiosaml.sp.service.SAMLAssertionConsumerHandler:$Id: SAMLAssertionConsumerHandler.java 2910 2008-05-21 13:07:31Z jre $] [] [AUDIT] [SAMLAssertionConsumerHandler] [joetest] [null] [NORMAL] [] [] [info=[Received assertion geUg71bCBp032DuIZvk0uPy.Pol]]
[2008-08-12 14:25:50,170] [INFO ] [httpWorkerThread-4848-2] [AUDIT_LOGGER] Configuring logging from /home/recht/eclipse/poc-provider/oiosaml/oiosaml-sp.log4j.xml
[2008-08-12 14:25:50,256] [INFO ] [httpWorkerThread-4848-2] [AUDIT_LOGGER] Configuring logging from /home/recht/eclipse/poc-provider/oiosaml/oiosaml-sp.log4j.xml
[2008-08-12 14:25:52,071] [INFO ] [httpSSLWorkerThread-8880-0] [AUDIT_LOGGER] [recht-laptop] [Authn] [dk.itst.oiosaml.sp.service.LoginHandler:] [] [AUDIT] [Authn] [null] [null] [NORMAL] [] [] [<AuthnRequest>=[<?xml version="1.0" encoding="UTF-8"?><samlp:AuthnRequest xmlns:samlp="urn:oasis:names:tc:SAML:2.0:protocol" Destination="https://saml-idp.trifork.com:9031/idp/SSO.saml2" ForceAuthn="false" ID="_a0fbb037-9c25-4c61-b568-963c77a9311a" IsPassive="false" IssueInstant="2008-08-12T14:25:51.980Z" ProtocolBinding="urn:oasis:names:tc:SAML:2.0:bindings:HTTP-POST" Version="2.0"><saml:Issuer xmlns:saml="urn:oasis:names:tc:SAML:2.0:assertion">saml.poc-provider.trifork.com</saml:Issuer></samlp:AuthnRequest>]]
[2008-08-12 14:25:55,097] [INFO ] [httpSSLWorkerThread-8880-1] [AUDIT_LOGGER] [recht-laptop] [Authn] [dk.itst.oiosaml.sp.service.LoginHandler:] [] [EXECTIME] [CONSUMER] [https://saml-idp.trifork.com:9031] [https://saml-idp.trifork.com:9031/idp/SSO.saml2] [<AuthnRequest>] [2941] [ID=_a0fbb037-9c25-4c61-b568-963c77a9311a]
[2008-08-12 14:25:55,332] [INFO ] [httpSSLWorkerThread-8880-1] [AUDIT_LOGGER] [recht-laptop] [SAMLAssertionConsumerHandler] [dk.itst.oiosaml.sp.service.SAMLAssertionConsumerHandler:$Id: SAMLAssertionConsumerHandler.java 2910 2008-05-21 13:07:31Z jre $] [] [AUDIT] [SAMLAssertionConsumerHandler] [joetest] [null] [NORMAL] [] [] [info=[Received assertion oQxzPXvBaHsorSm26tb9VNrZvsd]]
[2008-08-12 14:26:27,406] [INFO ] [httpWorkerThread-4848-1] [AUDIT_LOGGER] Configuring logging from /home/recht/eclipse/poc-provider/oiosaml/oiosaml-sp.log4j.xml
[2008-08-12 14:26:27,490] [INFO ] [httpWorkerThread-4848-1] [AUDIT_LOGGER] Configuring logging from /home/recht/eclipse/poc-provider/oiosaml/oiosaml-sp.log4j.xml
[2008-08-12 14:28:28,855] [INFO ] [httpWorkerThread-4848-1] [AUDIT_LOGGER] Configuring logging from /home/recht/eclipse/poc-provider/oiosaml/oiosaml-sp.log4j.xml
[2008-08-12 14:28:28,939] [INFO ] [httpWorkerThread-4848-1] [AUDIT_LOGGER] Configuring logging from /home/recht/eclipse/poc-provider/oiosaml/oiosaml-sp.log4j.xml
[2008-08-12 14:28:29,521] [INFO ] [httpSSLWorkerThread-8880-1] [AUDIT_LOGGER] [recht-laptop] [Authn] [dk.itst.oiosaml.sp.service.LoginHandler:] [] [AUDIT] [Authn] [null] [null] [NORMAL] [] [] [<AuthnRequest>=[<?xml version="1.0" encoding="UTF-8"?><samlp:AuthnRequest xmlns:samlp="urn:oasis:names:tc:SAML:2.0:protocol" Destination="https://saml-idp.trifork.com:9031/idp/SSO.saml2" ForceAuthn="false" ID="_2dc0126e-6c3c-411b-ba99-973b5b74588e" IsPassive="false" IssueInstant="2008-08-12T14:28:29.477Z" ProtocolBinding="urn:oasis:names:tc:SAML:2.0:bindings:HTTP-POST" Version="2.0"><saml:Issuer xmlns:saml="urn:oasis:names:tc:SAML:2.0:assertion">saml.poc-provider.trifork.com</saml:Issuer></samlp:AuthnRequest>]]
[2008-08-12 14:28:32,501] [INFO ] [httpSSLWorkerThread-8880-0] [AUDIT_LOGGER] [recht-laptop] [Authn] [dk.itst.oiosaml.sp.service.LoginHandler:] [] [EXECTIME] [CONSUMER] [https://saml-idp.trifork.com:9031] [https://saml-idp.trifork.com:9031/idp/SSO.saml2] [<AuthnRequest>] [2540] [ID=_2dc0126e-6c3c-411b-ba99-973b5b74588e]
[2008-08-12 14:28:32,581] [INFO ] [httpSSLWorkerThread-8880-0] [AUDIT_LOGGER] [recht-laptop] [SAMLAssertionConsumerHandler] [dk.itst.oiosaml.sp.service.SAMLAssertionConsumerHandler:$Id: SAMLAssertionConsumerHandler.java 2910 2008-05-21 13:07:31Z jre $] [] [AUDIT] [SAMLAssertionConsumerHandler] [joetest] [null] [NORMAL] [] [] [info=[Received assertion GStGKKfnDAFGE-ru83Wd73XMYBH]]
[2008-08-12 14:29:58,885] [INFO ] [httpWorkerThread-4848-2] [AUDIT_LOGGER] Configuring logging from /home/recht/eclipse/poc-provider/oiosaml/oiosaml-sp.log4j.xml
[2008-08-12 14:29:58,971] [INFO ] [httpWorkerThread-4848-2] [AUDIT_LOGGER] Configuring logging from /home/recht/eclipse/poc-provider/oiosaml/oiosaml-sp.log4j.xml
[2008-08-12 14:30:34,736] [INFO ] [httpWorkerThread-4848-1] [AUDIT_LOGGER] Configuring logging from /home/recht/eclipse/poc-provider/oiosaml/oiosaml-sp.log4j.xml
[2008-08-12 14:30:34,825] [INFO ] [httpWorkerThread-4848-1] [AUDIT_LOGGER] Configuring logging from /home/recht/eclipse/poc-provider/oiosaml/oiosaml-sp.log4j.xml
[2008-08-12 14:31:44,087] [INFO ] [httpWorkerThread-4848-2] [AUDIT_LOGGER] Configuring logging from /home/recht/eclipse/poc-provider/oiosaml/oiosaml-sp.log4j.xml
[2008-08-12 14:31:44,172] [INFO ] [httpWorkerThread-4848-2] [AUDIT_LOGGER] Configuring logging from /home/recht/eclipse/poc-provider/oiosaml/oiosaml-sp.log4j.xml
[2008-08-12 14:55:50,869] [INFO ] [httpWorkerThread-4848-1] [AUDIT_LOGGER] Configuring logging from /home/recht/eclipse/poc-provider/oiosaml/oiosaml-sp.log4j.xml
[2008-08-12 14:55:50,959] [INFO ] [httpWorkerThread-4848-1] [AUDIT_LOGGER] Configuring logging from /home/recht/eclipse/poc-provider/oiosaml/oiosaml-sp.log4j.xml
[2008-08-12 14:57:37,229] [INFO ] [httpSSLWorkerThread-8880-0] [AUDIT_LOGGER] [recht-laptop] [Authn] [dk.itst.oiosaml.sp.service.LoginHandler:] [] [AUDIT] [Authn] [null] [null] [NORMAL] [] [] [<AuthnRequest>=[<?xml version="1.0" encoding="UTF-8"?><samlp:AuthnRequest xmlns:samlp="urn:oasis:names:tc:SAML:2.0:protocol" Destination="https://saml-idp.trifork.com:9031/idp/SSO.saml2" ForceAuthn="false" ID="_e529186d-5224-44bb-82fc-0f563cda1ce0" IsPassive="false" IssueInstant="2008-08-12T14:57:36.709Z" ProtocolBinding="urn:oasis:names:tc:SAML:2.0:bindings:HTTP-POST" Version="2.0"><saml:Issuer xmlns:saml="urn:oasis:names:tc:SAML:2.0:assertion">saml.poc-provider.trifork.com</saml:Issuer></samlp:AuthnRequest>]]
[2008-08-12 14:57:39,787] [INFO ] [httpSSLWorkerThread-8880-1] [AUDIT_LOGGER] [recht-laptop] [SAMLAssertionConsumerHandler] [dk.itst.oiosaml.sp.service.SAMLAssertionConsumerHandler:$Id: SAMLAssertionConsumerHandler.java 2910 2008-05-21 13:07:31Z jre $] [] [AUDIT] [SAMLAssertionConsumerHandler] [joetest] [null] [NORMAL] [] [] [info=[Received assertion U8.COUl3DkAU1v.ld3OaaLWDJCX]]
[2008-08-12 14:59:53,973] [INFO ] [httpSSLWorkerThread-8880-1] [AUDIT_LOGGER] [recht-laptop] [Authn] [dk.itst.oiosaml.sp.service.LoginHandler:] [] [AUDIT] [Authn] [null] [null] [NORMAL] [] [] [<AuthnRequest>=[<?xml version="1.0" encoding="UTF-8"?><samlp:AuthnRequest xmlns:samlp="urn:oasis:names:tc:SAML:2.0:protocol" Destination="https://saml-idp.trifork.com:9031/idp/SSO.saml2" ForceAuthn="false" ID="_92a10289-4ad9-4d99-a341-12169ac6b67e" IsPassive="false" IssueInstant="2008-08-12T14:59:53.971Z" ProtocolBinding="urn:oasis:names:tc:SAML:2.0:bindings:HTTP-POST" Version="2.0"><saml:Issuer xmlns:saml="urn:oasis:names:tc:SAML:2.0:assertion">saml.poc-provider.trifork.com</saml:Issuer></samlp:AuthnRequest>]]
[2008-08-12 14:59:57,131] [INFO ] [httpSSLWorkerThread-8880-0] [AUDIT_LOGGER] [recht-laptop] [SAMLAssertionConsumerHandler] [dk.itst.oiosaml.sp.service.SAMLAssertionConsumerHandler:$Id: SAMLAssertionConsumerHandler.java 2910 2008-05-21 13:07:31Z jre $] [] [AUDIT] [SAMLAssertionConsumerHandler] [joetest] [null] [NORMAL] [] [] [info=[Received assertion uw9sVYTTaWi7hxmgWLXE0HY3QUj]]
[2008-08-12 15:01:16,419] [INFO ] [httpWorkerThread-4848-1] [AUDIT_LOGGER] Configuring logging from /home/recht/eclipse/poc-provider/oiosaml/oiosaml-sp.log4j.xml
[2008-08-12 15:01:16,510] [INFO ] [httpWorkerThread-4848-1] [AUDIT_LOGGER] Configuring logging from /home/recht/eclipse/poc-provider/oiosaml/oiosaml-sp.log4j.xml
[2008-08-12 15:01:43,632] [INFO ] [httpSSLWorkerThread-8880-1] [AUDIT_LOGGER] [recht-laptop] [Authn] [dk.itst.oiosaml.sp.service.LoginHandler:] [] [AUDIT] [Authn] [null] [null] [NORMAL] [] [] [<AuthnRequest>=[<?xml version="1.0" encoding="UTF-8"?><samlp:AuthnRequest xmlns:samlp="urn:oasis:names:tc:SAML:2.0:protocol" Destination="https://saml-idp.trifork.com:9031/idp/SSO.saml2" ForceAuthn="false" ID="_b617a956-f71e-4e32-b8c2-6ce95e5a7bf4" IsPassive="false" IssueInstant="2008-08-12T15:01:43.591Z" ProtocolBinding="urn:oasis:names:tc:SAML:2.0:bindings:HTTP-POST" Version="2.0"><saml:Issuer xmlns:saml="urn:oasis:names:tc:SAML:2.0:assertion">saml.poc-provider.trifork.com</saml:Issuer></samlp:AuthnRequest>]]
[2008-08-12 15:01:49,668] [INFO ] [httpSSLWorkerThread-8880-0] [AUDIT_LOGGER] [recht-laptop] [Authn] [dk.itst.oiosaml.sp.service.LoginHandler:] [] [EXECTIME] [CONSUMER] [https://saml-idp.trifork.com:9031] [https://saml-idp.trifork.com:9031/idp/SSO.saml2] [<AuthnRequest>] [5990] [ID=_b617a956-f71e-4e32-b8c2-6ce95e5a7bf4]
[2008-08-12 15:01:49,943] [INFO ] [httpSSLWorkerThread-8880-0] [AUDIT_LOGGER] [recht-laptop] [SAMLAssertionConsumerHandler] [dk.itst.oiosaml.sp.service.SAMLAssertionConsumerHandler:$Id: SAMLAssertionConsumerHandler.java 2910 2008-05-21 13:07:31Z jre $] [] [AUDIT] [SAMLAssertionConsumerHandler] [joetest] [null] [NORMAL] [] [] [info=[Received assertion uo2SPpMRwLpRFfVFxsYJplhWuJU]]
[2008-08-12 15:04:22,175] [INFO ] [httpWorkerThread-4848-2] [AUDIT_LOGGER] Configuring logging from /home/recht/eclipse/poc-provider/oiosaml/oiosaml-sp.log4j.xml
[2008-08-12 15:04:22,262] [INFO ] [httpWorkerThread-4848-2] [AUDIT_LOGGER] Configuring logging from /home/recht/eclipse/poc-provider/oiosaml/oiosaml-sp.log4j.xml
[2008-08-12 15:04:50,550] [INFO ] [httpSSLWorkerThread-8880-1] [AUDIT_LOGGER] [recht-laptop] [Authn] [dk.itst.oiosaml.sp.service.LoginHandler:] [] [AUDIT] [Authn] [null] [null] [NORMAL] [] [] [<AuthnRequest>=[<?xml version="1.0" encoding="UTF-8"?><samlp:AuthnRequest xmlns:samlp="urn:oasis:names:tc:SAML:2.0:protocol" Destination="https://saml-idp.trifork.com:9031/idp/SSO.saml2" ForceAuthn="false" ID="_ecd13803-1b6c-4f88-aa5b-b7d7078c90b4" IsPassive="false" IssueInstant="2008-08-12T15:04:50.453Z" ProtocolBinding="urn:oasis:names:tc:SAML:2.0:bindings:HTTP-POST" Version="2.0"><saml:Issuer xmlns:saml="urn:oasis:names:tc:SAML:2.0:assertion">saml.poc-provider.trifork.com</saml:Issuer></samlp:AuthnRequest>]]
[2008-08-12 15:04:53,319] [INFO ] [httpSSLWorkerThread-8880-0] [AUDIT_LOGGER] [recht-laptop] [Authn] [dk.itst.oiosaml.sp.service.LoginHandler:] [] [EXECTIME] [CONSUMER] [https://saml-idp.trifork.com:9031] [https://saml-idp.trifork.com:9031/idp/SSO.saml2] [<AuthnRequest>] [2698] [ID=_ecd13803-1b6c-4f88-aa5b-b7d7078c90b4]
[2008-08-12 15:04:53,492] [INFO ] [httpSSLWorkerThread-8880-0] [AUDIT_LOGGER] [recht-laptop] [SAMLAssertionConsumerHandler] [dk.itst.oiosaml.sp.service.SAMLAssertionConsumerHandler:$Id: SAMLAssertionConsumerHandler.java 2910 2008-05-21 13:07:31Z jre $] [] [AUDIT] [SAMLAssertionConsumerHandler] [joetest] [null] [NORMAL] [] [] [info=[Received assertion Cm59J6Y.gaFso8W_orkVTJgsOtr]]
[2008-08-12 15:24:44,670] [INFO ] [httpWorkerThread-4848-4] [AUDIT_LOGGER] Configuring logging from /home/recht/eclipse/poc-provider/oiosaml/oiosaml-sp.log4j.xml
[2008-08-12 15:24:44,785] [INFO ] [httpWorkerThread-4848-4] [AUDIT_LOGGER] Configuring logging from /home/recht/eclipse/poc-provider/oiosaml/oiosaml-sp.log4j.xml
[2008-08-12 15:27:45,230] [INFO ] [httpWorkerThread-4848-1] [AUDIT_LOGGER] Configuring logging from /home/recht/eclipse/poc-provider/oiosaml/oiosaml-sp.log4j.xml
[2008-08-12 15:27:45,700] [INFO ] [httpWorkerThread-4848-1] [AUDIT_LOGGER] Configuring logging from /home/recht/eclipse/poc-provider/oiosaml/oiosaml-sp.log4j.xml
[2008-08-12 15:28:23,467] [INFO ] [httpWorkerThread-4848-0] [AUDIT_LOGGER] Configuring logging from /home/recht/eclipse/poc-provider/oiosaml/oiosaml-sp.log4j.xml
[2008-08-12 15:28:23,561] [INFO ] [httpWorkerThread-4848-0] [AUDIT_LOGGER] Configuring logging from /home/recht/eclipse/poc-provider/oiosaml/oiosaml-sp.log4j.xml
[2008-08-12 15:28:59,848] [INFO ] [httpWorkerThread-4848-3] [AUDIT_LOGGER] Configuring logging from /home/recht/eclipse/poc-provider/oiosaml/oiosaml-sp.log4j.xml
[2008-08-12 15:28:59,944] [INFO ] [httpWorkerThread-4848-3] [AUDIT_LOGGER] Configuring logging from /home/recht/eclipse/poc-provider/oiosaml/oiosaml-sp.log4j.xml
[2008-08-12 15:30:09,577] [INFO ] [httpWorkerThread-4848-2] [AUDIT_LOGGER] Configuring logging from /home/recht/eclipse/poc-provider/oiosaml/oiosaml-sp.log4j.xml
[2008-08-12 15:30:09,690] [INFO ] [httpWorkerThread-4848-2] [AUDIT_LOGGER] Configuring logging from /home/recht/eclipse/poc-provider/oiosaml/oiosaml-sp.log4j.xml
[2008-08-12 15:30:49,215] [INFO ] [httpWorkerThread-4848-1] [AUDIT_LOGGER] Configuring logging from /home/recht/eclipse/poc-provider/oiosaml/oiosaml-sp.log4j.xml
[2008-08-12 15:30:49,311] [INFO ] [httpWorkerThread-4848-1] [AUDIT_LOGGER] Configuring logging from /home/recht/eclipse/poc-provider/oiosaml/oiosaml-sp.log4j.xml
[2008-08-12 15:31:05,904] [INFO ] [httpWorkerThread-4848-1] [AUDIT_LOGGER] Configuring logging from /home/recht/eclipse/poc-provider/oiosaml/oiosaml-sp.log4j.xml
[2008-08-12 15:31:06,125] [INFO ] [httpWorkerThread-4848-1] [AUDIT_LOGGER] Configuring logging from /home/recht/eclipse/poc-provider/oiosaml/oiosaml-sp.log4j.xml
[2008-08-12 15:34:52,759] [INFO ] [httpWorkerThread-4848-2] [AUDIT_LOGGER] Configuring logging from /home/recht/eclipse/poc-provider/oiosaml/oiosaml-sp.log4j.xml
[2008-08-12 15:34:52,873] [INFO ] [httpWorkerThread-4848-2] [AUDIT_LOGGER] Configuring logging from /home/recht/eclipse/poc-provider/oiosaml/oiosaml-sp.log4j.xml
[2008-08-12 15:39:11,542] [INFO ] [httpWorkerThread-4848-1] [AUDIT_LOGGER] Configuring logging from /home/recht/eclipse/poc-provider/oiosaml/oiosaml-sp.log4j.xml
[2008-08-12 15:39:11,632] [INFO ] [httpWorkerThread-4848-1] [AUDIT_LOGGER] Configuring logging from /home/recht/eclipse/poc-provider/oiosaml/oiosaml-sp.log4j.xml
[2008-08-13 06:38:33,186] [INFO ] [httpWorkerThread-4848-1] [AUDIT_LOGGER] Configuring logging from /home/recht/eclipse/poc-provider/oiosaml/oiosaml-sp.log4j.xml
[2008-08-13 06:38:33,610] [INFO ] [httpWorkerThread-4848-1] [AUDIT_LOGGER] Configuring logging from /home/recht/eclipse/poc-provider/oiosaml/oiosaml-sp.log4j.xml
[2008-08-13 06:47:57,206] [INFO ] [httpWorkerThread-4848-3] [AUDIT_LOGGER] Configuring logging from /home/recht/eclipse/poc-provider/oiosaml/oiosaml-sp.log4j.xml
[2008-08-13 06:47:57,293] [INFO ] [httpWorkerThread-4848-3] [AUDIT_LOGGER] Configuring logging from /home/recht/eclipse/poc-provider/oiosaml/oiosaml-sp.log4j.xml
[2008-08-13 06:52:23,400] [INFO ] [httpWorkerThread-4848-0] [AUDIT_LOGGER] Configuring logging from /home/recht/eclipse/poc-provider/oiosaml/oiosaml-sp.log4j.xml
[2008-08-13 06:52:23,487] [INFO ] [httpWorkerThread-4848-0] [AUDIT_LOGGER] Configuring logging from /home/recht/eclipse/poc-provider/oiosaml/oiosaml-sp.log4j.xml
[2008-08-13 06:55:06,266] [INFO ] [httpWorkerThread-4848-1] [AUDIT_LOGGER] Configuring logging from /home/recht/eclipse/poc-provider/oiosaml/oiosaml-sp.log4j.xml
[2008-08-13 06:55:06,353] [INFO ] [httpWorkerThread-4848-1] [AUDIT_LOGGER] Configuring logging from /home/recht/eclipse/poc-provider/oiosaml/oiosaml-sp.log4j.xml
[2008-08-13 06:57:13,357] [INFO ] [httpWorkerThread-4848-3] [AUDIT_LOGGER] Configuring logging from /home/recht/eclipse/poc-provider/oiosaml/oiosaml-sp.log4j.xml
[2008-08-13 06:57:13,482] [INFO ] [httpWorkerThread-4848-3] [AUDIT_LOGGER] Configuring logging from /home/recht/eclipse/poc-provider/oiosaml/oiosaml-sp.log4j.xml
[2008-08-13 06:59:16,706] [INFO ] [httpWorkerThread-4848-3] [AUDIT_LOGGER] Configuring logging from /home/recht/eclipse/poc-provider/oiosaml/oiosaml-sp.log4j.xml
[2008-08-13 06:59:17,430] [INFO ] [httpWorkerThread-4848-3] [AUDIT_LOGGER] Configuring logging from /home/recht/eclipse/poc-provider/oiosaml/oiosaml-sp.log4j.xml
[2008-08-13 06:59:55,195] [INFO ] [httpWorkerThread-4848-4] [AUDIT_LOGGER] Configuring logging from /home/recht/eclipse/poc-provider/oiosaml/oiosaml-sp.log4j.xml
[2008-08-13 06:59:55,291] [INFO ] [httpWorkerThread-4848-4] [AUDIT_LOGGER] Configuring logging from /home/recht/eclipse/poc-provider/oiosaml/oiosaml-sp.log4j.xml
[2008-08-13 07:00:47,612] [INFO ] [httpWorkerThread-4848-0] [AUDIT_LOGGER] Configuring logging from /home/recht/eclipse/poc-provider/oiosaml/oiosaml-sp.log4j.xml
[2008-08-13 07:00:47,700] [INFO ] [httpWorkerThread-4848-0] [AUDIT_LOGGER] Configuring logging from /home/recht/eclipse/poc-provider/oiosaml/oiosaml-sp.log4j.xml
[2008-08-13 07:02:50,932] [INFO ] [httpWorkerThread-4848-2] [AUDIT_LOGGER] Configuring logging from /home/recht/eclipse/poc-provider/oiosaml/oiosaml-sp.log4j.xml
[2008-08-13 07:02:51,019] [INFO ] [httpWorkerThread-4848-2] [AUDIT_LOGGER] Configuring logging from /home/recht/eclipse/poc-provider/oiosaml/oiosaml-sp.log4j.xml
[2008-08-13 07:08:49,228] [INFO ] [httpWorkerThread-4848-1] [AUDIT_LOGGER] Configuring logging from /home/recht/eclipse/poc-provider/oiosaml/oiosaml-sp.log4j.xml
[2008-08-13 07:08:49,323] [INFO ] [httpWorkerThread-4848-1] [AUDIT_LOGGER] Configuring logging from /home/recht/eclipse/poc-provider/oiosaml/oiosaml-sp.log4j.xml
[2008-08-13 07:10:05,460] [INFO ] [httpWorkerThread-4848-0] [AUDIT_LOGGER] Configuring logging from /home/recht/eclipse/poc-provider/oiosaml/oiosaml-sp.log4j.xml
[2008-08-13 07:10:05,594] [INFO ] [httpWorkerThread-4848-0] [AUDIT_LOGGER] Configuring logging from /home/recht/eclipse/poc-provider/oiosaml/oiosaml-sp.log4j.xml
[2008-08-13 07:10:45,384] [INFO ] [httpWorkerThread-4848-1] [AUDIT_LOGGER] Configuring logging from /home/recht/eclipse/poc-provider/oiosaml/oiosaml-sp.log4j.xml
[2008-08-13 07:10:45,473] [INFO ] [httpWorkerThread-4848-1] [AUDIT_LOGGER] Configuring logging from /home/recht/eclipse/poc-provider/oiosaml/oiosaml-sp.log4j.xml
[2008-08-13 08:34:14,283] [INFO ] [pool-1-thread-6] [AUDIT_LOGGER] Configuring logging from /home/recht/eclipse/poc-provider/oiosaml/oiosaml-sp.log4j.xml
[2008-08-13 08:34:14,414] [INFO ] [pool-1-thread-6] [AUDIT_LOGGER] Configuring logging from /home/recht/eclipse/poc-provider/oiosaml/oiosaml-sp.log4j.xml
[2008-08-13 08:34:24,282] [INFO ] [httpWorkerThread-4848-0] [AUDIT_LOGGER] Configuring logging from /home/recht/eclipse/poc-provider/oiosaml/oiosaml-sp.log4j.xml
[2008-08-13 08:34:24,369] [INFO ] [httpWorkerThread-4848-0] [AUDIT_LOGGER] Configuring logging from /home/recht/eclipse/poc-provider/oiosaml/oiosaml-sp.log4j.xml
[2008-08-13 08:34:28,477] [INFO ] [httpSSLWorkerThread-8880-1] [AUDIT_LOGGER] [recht-laptop] [Authn] [dk.itst.oiosaml.sp.service.LoginHandler:] [] [AUDIT] [Authn] [null] [null] [NORMAL] [] [] [<AuthnRequest>=[<?xml version="1.0" encoding="UTF-8"?><samlp:AuthnRequest xmlns:samlp="urn:oasis:names:tc:SAML:2.0:protocol" Destination="https://saml-idp.trifork.com:9031/idp/SSO.saml2" ForceAuthn="false" ID="_2ab0146f-2e45-4bcc-b271-6a5b6342bf07" IsPassive="false" IssueInstant="2008-08-13T08:34:28.408Z" ProtocolBinding="urn:oasis:names:tc:SAML:2.0:bindings:HTTP-POST" Version="2.0"><saml:Issuer xmlns:saml="urn:oasis:names:tc:SAML:2.0:assertion">saml.poc-provider.trifork.com</saml:Issuer></samlp:AuthnRequest>]]
[2008-08-13 08:34:30,961] [INFO ] [httpSSLWorkerThread-8880-0] [AUDIT_LOGGER] [recht-laptop] [Authn] [dk.itst.oiosaml.sp.service.LoginHandler:] [] [EXECTIME] [CONSUMER] [https://saml-idp.trifork.com:9031] [https://saml-idp.trifork.com:9031/idp/SSO.saml2] [<AuthnRequest>] [2430] [ID=_2ab0146f-2e45-4bcc-b271-6a5b6342bf07]
[2008-08-13 08:34:31,480] [INFO ] [httpSSLWorkerThread-8880-0] [AUDIT_LOGGER] [recht-laptop] [SAMLAssertionConsumerHandler] [dk.itst.oiosaml.sp.service.SAMLAssertionConsumerHandler:$Id: SAMLAssertionConsumerHandler.java 2910 2008-05-21 13:07:31Z jre $] [] [AUDIT] [SAMLAssertionConsumerHandler] [joetest] [null] [NORMAL] [] [] [info=[Received assertion k_6Nj2.XCs09pfZa.ThQE3bZ-dk]]
[2008-08-13 08:36:17,906] [INFO ] [httpWorkerThread-4848-0] [AUDIT_LOGGER] Configuring logging from /home/recht/eclipse/poc-provider/oiosaml/oiosaml-sp.log4j.xml
[2008-08-13 08:36:18,022] [INFO ] [httpWorkerThread-4848-0] [AUDIT_LOGGER] Configuring logging from /home/recht/eclipse/poc-provider/oiosaml/oiosaml-sp.log4j.xml
[2008-08-13 08:37:02,882] [INFO ] [httpSSLWorkerThread-8880-1] [AUDIT_LOGGER] [recht-laptop] [Authn] [dk.itst.oiosaml.sp.service.LoginHandler:] [] [AUDIT] [Authn] [null] [null] [NORMAL] [] [] [<AuthnRequest>=[<?xml version="1.0" encoding="UTF-8"?><samlp:AuthnRequest xmlns:samlp="urn:oasis:names:tc:SAML:2.0:protocol" Destination="https://saml-idp.trifork.com:9031/idp/SSO.saml2" ForceAuthn="false" ID="_32f3f08f-24d4-421a-a175-4ce2a125e4bc" IsPassive="false" IssueInstant="2008-08-13T08:37:02.842Z" ProtocolBinding="urn:oasis:names:tc:SAML:2.0:bindings:HTTP-POST" Version="2.0"><saml:Issuer xmlns:saml="urn:oasis:names:tc:SAML:2.0:assertion">saml.poc-provider.trifork.com</saml:Issuer></samlp:AuthnRequest>]]
[2008-08-13 08:37:04,847] [INFO ] [httpSSLWorkerThread-8880-0] [AUDIT_LOGGER] [recht-laptop] [Authn] [dk.itst.oiosaml.sp.service.LoginHandler:] [] [EXECTIME] [CONSUMER] [https://saml-idp.trifork.com:9031] [https://saml-idp.trifork.com:9031/idp/SSO.saml2] [<AuthnRequest>] [1918] [ID=_32f3f08f-24d4-421a-a175-4ce2a125e4bc]
[2008-08-13 08:37:05,460] [INFO ] [httpSSLWorkerThread-8880-0] [AUDIT_LOGGER] [recht-laptop] [SAMLAssertionConsumerHandler] [dk.itst.oiosaml.sp.service.SAMLAssertionConsumerHandler:$Id: SAMLAssertionConsumerHandler.java 2910 2008-05-21 13:07:31Z jre $] [] [AUDIT] [SAMLAssertionConsumerHandler] [joetest] [null] [NORMAL] [] [] [info=[Received assertion Il.1UGU7xNvMAHjPV2q13AqL5e8]]
[2008-08-13 08:53:30,716] [INFO ] [httpWorkerThread-4848-1] [AUDIT_LOGGER] Configuring logging from /home/recht/eclipse/poc-provider/oiosaml/oiosaml-sp.log4j.xml
[2008-08-13 08:53:30,851] [INFO ] [httpWorkerThread-4848-1] [AUDIT_LOGGER] Configuring logging from /home/recht/eclipse/poc-provider/oiosaml/oiosaml-sp.log4j.xml
[2008-08-13 09:00:08,683] [INFO ] [httpWorkerThread-4848-0] [AUDIT_LOGGER] Configuring logging from /home/recht/eclipse/poc-provider/oiosaml/oiosaml-sp.log4j.xml
[2008-08-13 09:00:08,804] [INFO ] [httpWorkerThread-4848-0] [AUDIT_LOGGER] Configuring logging from /home/recht/eclipse/poc-provider/oiosaml/oiosaml-sp.log4j.xml
[2008-08-13 09:00:51,125] [INFO ] [httpWorkerThread-4848-1] [AUDIT_LOGGER] Configuring logging from /home/recht/eclipse/poc-provider/oiosaml/oiosaml-sp.log4j.xml
[2008-08-13 09:00:51,211] [INFO ] [httpWorkerThread-4848-1] [AUDIT_LOGGER] Configuring logging from /home/recht/eclipse/poc-provider/oiosaml/oiosaml-sp.log4j.xml
[2008-08-13 09:01:55,043] [INFO ] [httpWorkerThread-4848-0] [AUDIT_LOGGER] Configuring logging from /home/recht/eclipse/poc-provider/oiosaml/oiosaml-sp.log4j.xml
[2008-08-13 09:01:55,129] [INFO ] [httpWorkerThread-4848-0] [AUDIT_LOGGER] Configuring logging from /home/recht/eclipse/poc-provider/oiosaml/oiosaml-sp.log4j.xml
[2008-08-13 09:15:26,057] [INFO ] [httpWorkerThread-4848-1] [AUDIT_LOGGER] Configuring logging from /home/recht/eclipse/poc-provider/oiosaml/oiosaml-sp.log4j.xml
[2008-08-13 09:15:26,148] [INFO ] [httpWorkerThread-4848-1] [AUDIT_LOGGER] Configuring logging from /home/recht/eclipse/poc-provider/oiosaml/oiosaml-sp.log4j.xml
[2008-08-13 09:15:46,792] [INFO ] [httpSSLWorkerThread-8880-0] [AUDIT_LOGGER] [recht-laptop] [Authn] [dk.itst.oiosaml.sp.service.LoginHandler:] [] [AUDIT] [Authn] [null] [null] [NORMAL] [] [] [<AuthnRequest>=[<?xml version="1.0" encoding="UTF-8"?><samlp:AuthnRequest xmlns:samlp="urn:oasis:names:tc:SAML:2.0:protocol" Destination="https://saml-idp.trifork.com:9031/idp/SSO.saml2" ForceAuthn="false" ID="_31fc60e3-a1da-4da6-a340-a78e4b422291" IsPassive="false" IssueInstant="2008-08-13T09:15:46.229Z" ProtocolBinding="urn:oasis:names:tc:SAML:2.0:bindings:HTTP-POST" Version="2.0"><saml:Issuer xmlns:saml="urn:oasis:names:tc:SAML:2.0:assertion">saml.poc-provider.trifork.com</saml:Issuer></samlp:AuthnRequest>]]
[2008-08-13 09:15:49,747] [INFO ] [httpSSLWorkerThread-8880-1] [AUDIT_LOGGER] [recht-laptop] [Authn] [dk.itst.oiosaml.sp.service.LoginHandler:] [] [EXECTIME] [CONSUMER] [https://saml-idp.trifork.com:9031] [https://saml-idp.trifork.com:9031/idp/SSO.saml2] [<AuthnRequest>] [2905] [ID=_31fc60e3-a1da-4da6-a340-a78e4b422291]
[2008-08-13 09:15:49,891] [INFO ] [httpSSLWorkerThread-8880-1] [AUDIT_LOGGER] [recht-laptop] [SAMLAssertionConsumerHandler] [dk.itst.oiosaml.sp.service.SAMLAssertionConsumerHandler:$Id: SAMLAssertionConsumerHandler.java 2910 2008-05-21 13:07:31Z jre $] [] [AUDIT] [SAMLAssertionConsumerHandler] [joetest] [null] [NORMAL] [] [] [info=[Received assertion xGrn10WS7A9YBO5VxIWyoiEEGbY]]
[2008-08-13 09:19:07,304] [INFO ] [httpWorkerThread-4848-0] [AUDIT_LOGGER] Configuring logging from /home/recht/eclipse/poc-provider/oiosaml/oiosaml-sp.log4j.xml
[2008-08-13 09:19:07,391] [INFO ] [httpWorkerThread-4848-0] [AUDIT_LOGGER] Configuring logging from /home/recht/eclipse/poc-provider/oiosaml/oiosaml-sp.log4j.xml
[2008-08-13 09:19:29,474] [INFO ] [httpWorkerThread-4848-1] [AUDIT_LOGGER] Configuring logging from /home/recht/eclipse/poc-provider/oiosaml/oiosaml-sp.log4j.xml
[2008-08-13 09:19:29,561] [INFO ] [httpWorkerThread-4848-1] [AUDIT_LOGGER] Configuring logging from /home/recht/eclipse/poc-provider/oiosaml/oiosaml-sp.log4j.xml
[2008-08-13 09:21:43,379] [INFO ] [httpSSLWorkerThread-8880-0] [AUDIT_LOGGER] [recht-laptop] [Authn] [dk.itst.oiosaml.sp.service.LoginHandler:] [] [AUDIT] [Authn] [null] [null] [NORMAL] [] [] [<AuthnRequest>=[<?xml version="1.0" encoding="UTF-8"?><samlp:AuthnRequest xmlns:samlp="urn:oasis:names:tc:SAML:2.0:protocol" Destination="https://saml-idp.trifork.com:9031/idp/SSO.saml2" ForceAuthn="false" ID="_44eb226c-f6b5-41cb-b98f-67edc2b60278" IsPassive="false" IssueInstant="2008-08-13T09:21:43.341Z" ProtocolBinding="urn:oasis:names:tc:SAML:2.0:bindings:HTTP-POST" Version="2.0"><saml:Issuer xmlns:saml="urn:oasis:names:tc:SAML:2.0:assertion">saml.poc-provider.trifork.com</saml:Issuer></samlp:AuthnRequest>]]
[2008-08-13 09:21:44,612] [INFO ] [httpSSLWorkerThread-8880-1] [AUDIT_LOGGER] [recht-laptop] [Authn] [dk.itst.oiosaml.sp.service.LoginHandler:] [] [EXECTIME] [CONSUMER] [https://saml-idp.trifork.com:9031] [https://saml-idp.trifork.com:9031/idp/SSO.saml2] [<AuthnRequest>] [1187] [ID=_44eb226c-f6b5-41cb-b98f-67edc2b60278]
[2008-08-13 09:21:44,750] [INFO ] [httpSSLWorkerThread-8880-1] [AUDIT_LOGGER] [recht-laptop] [SAMLAssertionConsumerHandler] [dk.itst.oiosaml.sp.service.SAMLAssertionConsumerHandler:$Id: SAMLAssertionConsumerHandler.java 2910 2008-05-21 13:07:31Z jre $] [] [AUDIT] [SAMLAssertionConsumerHandler] [joetest] [null] [NORMAL] [] [] [info=[Received assertion EuKcYpeuAuPlfL8N985wB-RhNX6]]
[2008-08-13 09:38:44,776] [INFO ] [httpWorkerThread-4848-1] [AUDIT_LOGGER] Configuring logging from /home/recht/eclipse/poc-provider/oiosaml/oiosaml-sp.log4j.xml
[2008-08-13 09:38:44,862] [INFO ] [httpWorkerThread-4848-1] [AUDIT_LOGGER] Configuring logging from /home/recht/eclipse/poc-provider/oiosaml/oiosaml-sp.log4j.xml
[2008-08-22 07:42:54,420] [INFO ] [pool-1-thread-7] [AUDIT_LOGGER] Configuring logging from /home/recht/eclipse/poc-provider/oiosaml/oiosaml-sp.log4j.xml
[2008-08-22 07:42:55,114] [INFO ] [pool-1-thread-7] [AUDIT_LOGGER] Configuring logging from /home/recht/eclipse/poc-provider/oiosaml/oiosaml-sp.log4j.xml
[2008-08-22 07:47:04,891] [INFO ] [httpWorkerThread-4848-0] [AUDIT_LOGGER] Configuring logging from /home/recht/eclipse/poc-provider/oiosaml/oiosaml-sp.log4j.xml
[2008-08-22 07:47:05,046] [INFO ] [httpWorkerThread-4848-0] [AUDIT_LOGGER] Configuring logging from /home/recht/eclipse/poc-provider/oiosaml/oiosaml-sp.log4j.xml
[2008-08-22 07:50:41,640] [INFO ] [httpSSLWorkerThread-8880-0] [AUDIT_LOGGER] [recht-laptop] [Authn] [dk.itst.oiosaml.sp.service.LoginHandler:] [] [AUDIT] [Authn] [null] [null] [NORMAL] [] [] [<AuthnRequest>=[<?xml version="1.0" encoding="UTF-8"?><samlp:AuthnRequest xmlns:samlp="urn:oasis:names:tc:SAML:2.0:protocol" Destination="https://saml-idp.trifork.com:9031/idp/SSO.saml2" ForceAuthn="false" ID="_67c16687-2861-4758-b796-495c9a2f4cd7" IsPassive="false" IssueInstant="2008-08-22T07:50:41.599Z" ProtocolBinding="urn:oasis:names:tc:SAML:2.0:bindings:HTTP-POST" Version="2.0"><saml:Issuer xmlns:saml="urn:oasis:names:tc:SAML:2.0:assertion">saml.poc-provider.trifork.com</saml:Issuer></samlp:AuthnRequest>]]
[2008-08-22 07:50:43,816] [INFO ] [httpSSLWorkerThread-8880-0] [AUDIT_LOGGER] [recht-laptop] [Authn] [dk.itst.oiosaml.sp.service.LoginHandler:] [] [EXECTIME] [CONSUMER] [https://saml-idp.trifork.com:9031] [https://saml-idp.trifork.com:9031/idp/SSO.saml2] [<AuthnRequest>] [1783] [ID=_67c16687-2861-4758-b796-495c9a2f4cd7]
[2008-08-22 07:50:43,978] [INFO ] [httpSSLWorkerThread-8880-0] [AUDIT_LOGGER] [recht-laptop] [SAMLAssertionConsumerHandler] [dk.itst.oiosaml.sp.service.SAMLAssertionConsumerHandler:$Id: SAMLAssertionConsumerHandler.java 2910 2008-05-21 13:07:31Z jre $] [] [AUDIT] [SAMLAssertionConsumerHandler] [joetest] [null] [NORMAL] [] [] [info=[Received assertion wz_OhpEhFWQz0PhJTuJSq5Xe_F3]]
[2008-08-22 08:37:49,052] [INFO ] [httpWorkerThread-4848-0] [AUDIT_LOGGER] Configuring logging from /home/recht/eclipse/poc-provider/oiosaml/oiosaml-sp.log4j.xml
[2008-08-22 08:37:49,158] [INFO ] [httpWorkerThread-4848-0] [AUDIT_LOGGER] Configuring logging from /home/recht/eclipse/poc-provider/oiosaml/oiosaml-sp.log4j.xml
[2008-08-22 08:38:59,569] [INFO ] [httpWorkerThread-4848-1] [AUDIT_LOGGER] Configuring logging from /home/recht/eclipse/poc-provider/oiosaml/oiosaml-sp.log4j.xml
[2008-08-22 08:38:59,696] [INFO ] [httpWorkerThread-4848-1] [AUDIT_LOGGER] Configuring logging from /home/recht/eclipse/poc-provider/oiosaml/oiosaml-sp.log4j.xml
[2008-08-22 08:39:35,475] [INFO ] [httpWorkerThread-4848-1] [AUDIT_LOGGER] Configuring logging from /home/recht/eclipse/poc-provider/oiosaml/oiosaml-sp.log4j.xml
[2008-08-22 08:39:35,567] [INFO ] [httpWorkerThread-4848-1] [AUDIT_LOGGER] Configuring logging from /home/recht/eclipse/poc-provider/oiosaml/oiosaml-sp.log4j.xml
[2008-08-22 08:41:55,820] [INFO ] [httpSSLWorkerThread-8880-0] [AUDIT_LOGGER] [recht-laptop] [Authn] [dk.itst.oiosaml.sp.service.LoginHandler:] [] [AUDIT] [Authn] [null] [null] [NORMAL] [] [] [<AuthnRequest>=[<?xml version="1.0" encoding="UTF-8"?><samlp:AuthnRequest xmlns:samlp="urn:oasis:names:tc:SAML:2.0:protocol" Destination="https://saml-idp.trifork.com:9031/idp/SSO.saml2" ForceAuthn="false" ID="_639cd02e-b585-43f2-9779-e38a4f9a6831" IsPassive="false" IssueInstant="2008-08-22T08:41:55.778Z" ProtocolBinding="urn:oasis:names:tc:SAML:2.0:bindings:HTTP-POST" Version="2.0"><saml:Issuer xmlns:saml="urn:oasis:names:tc:SAML:2.0:assertion">saml.poc-provider.trifork.com</saml:Issuer></samlp:AuthnRequest>]]
[2008-08-22 08:41:57,680] [INFO ] [httpSSLWorkerThread-8880-1] [AUDIT_LOGGER] [recht-laptop] [Authn] [dk.itst.oiosaml.sp.service.LoginHandler:] [] [EXECTIME] [CONSUMER] [https://saml-idp.trifork.com:9031] [https://saml-idp.trifork.com:9031/idp/SSO.saml2] [<AuthnRequest>] [1809] [ID=_639cd02e-b585-43f2-9779-e38a4f9a6831]
[2008-08-22 08:41:57,844] [INFO ] [httpSSLWorkerThread-8880-1] [AUDIT_LOGGER] [recht-laptop] [SAMLAssertionConsumerHandler] [dk.itst.oiosaml.sp.service.SAMLAssertionConsumerHandler:$Id: SAMLAssertionConsumerHandler.java 2910 2008-05-21 13:07:31Z jre $] [] [AUDIT] [SAMLAssertionConsumerHandler] [joetest] [null] [NORMAL] [] [] [info=[Received assertion yNkw_R-h_NlTRZt7LquLvBVDBe3]]
[2008-08-22 08:42:58,265] [INFO ] [httpWorkerThread-4848-1] [AUDIT_LOGGER] Configuring logging from /home/recht/eclipse/poc-provider/oiosaml/oiosaml-sp.log4j.xml
[2008-08-22 08:42:58,353] [INFO ] [httpWorkerThread-4848-1] [AUDIT_LOGGER] Configuring logging from /home/recht/eclipse/poc-provider/oiosaml/oiosaml-sp.log4j.xml
[2008-08-22 08:44:45,963] [INFO ] [httpWorkerThread-4848-0] [AUDIT_LOGGER] Configuring logging from /home/recht/eclipse/poc-provider/oiosaml/oiosaml-sp.log4j.xml
[2008-08-22 08:44:46,065] [INFO ] [httpWorkerThread-4848-0] [AUDIT_LOGGER] Configuring logging from /home/recht/eclipse/poc-provider/oiosaml/oiosaml-sp.log4j.xml
[2008-08-25 13:21:55,648] [INFO ] [httpSSLWorkerThread-8880-1] [AUDIT_LOGGER] [recht-laptop] [Authn] [dk.itst.oiosaml.sp.service.LoginHandler:] [] [AUDIT] [Authn] [null] [null] [NORMAL] [] [] [<AuthnRequest>=[<?xml version="1.0" encoding="UTF-8"?><samlp:AuthnRequest xmlns:samlp="urn:oasis:names:tc:SAML:2.0:protocol" Destination="https://saml-idp.trifork.com:9031/idp/SSO.saml2" ForceAuthn="false" ID="_e9cf3b2f-8066-4c23-b57f-49afcc740b2c" IsPassive="false" IssueInstant="2008-08-25T13:21:55.427Z" ProtocolBinding="urn:oasis:names:tc:SAML:2.0:bindings:HTTP-POST" Version="2.0"><saml:Issuer xmlns:saml="urn:oasis:names:tc:SAML:2.0:assertion">saml.poc-provider.trifork.com</saml:Issuer></samlp:AuthnRequest>]]
[2008-08-25 13:23:26,628] [INFO ] [httpWorkerThread-4848-0] [AUDIT_LOGGER] Configuring logging from /home/recht/eclipse/poc-provider/oiosaml/oiosaml-sp.log4j.xml
[2008-08-25 13:23:26,762] [INFO ] [httpWorkerThread-4848-0] [AUDIT_LOGGER] Configuring logging from /home/recht/eclipse/poc-provider/oiosaml/oiosaml-sp.log4j.xml
[2008-08-25 13:25:10,124] [INFO ] [httpWorkerThread-4848-0] [AUDIT_LOGGER] Configuring logging from /home/recht/eclipse/poc-provider/oiosaml/oiosaml-sp.log4j.xml
[2008-08-25 13:25:10,212] [INFO ] [httpWorkerThread-4848-0] [AUDIT_LOGGER] Configuring logging from /home/recht/eclipse/poc-provider/oiosaml/oiosaml-sp.log4j.xml
[2008-09-22 12:46:53,536] [INFO ] [pool-1-thread-3] [AUDIT_LOGGER] Configuring logging from /home/recht/eclipse/poc-provider/oiosaml/oiosaml-sp.log4j.xml
[2008-09-22 12:46:53,781] [INFO ] [pool-1-thread-3] [AUDIT_LOGGER] Configuring logging from /home/recht/eclipse/poc-provider/oiosaml/oiosaml-sp.log4j.xml
[2008-09-22 12:52:09,542] [INFO ] [pool-1-thread-6] [AUDIT_LOGGER] Configuring logging from /home/recht/eclipse/poc-provider/oiosaml/oiosaml-sp.log4j.xml
[2008-09-22 12:52:09,645] [INFO ] [pool-1-thread-6] [AUDIT_LOGGER] Configuring logging from /home/recht/eclipse/poc-provider/oiosaml/oiosaml-sp.log4j.xml
[2008-10-13 09:18:49,470] [INFO ] [httpWorkerThread-4848-0] [AUDIT_LOGGER] Configuring logging from /home/recht/eclipse/poc-provider/oiosaml/oiosaml-sp.log4j.xml
[2008-10-13 09:18:49,677] [INFO ] [httpWorkerThread-4848-0] [AUDIT_LOGGER] Configuring logging from /home/recht/eclipse/poc-provider/oiosaml/oiosaml-sp.log4j.xml
[2008-10-13 09:23:28,684] [INFO ] [httpWorkerThread-4848-1] [AUDIT_LOGGER] Configuring logging from /home/recht/eclipse/poc-provider/oiosaml/oiosaml-sp.log4j.xml
[2008-10-13 09:23:28,798] [INFO ] [httpWorkerThread-4848-1] [AUDIT_LOGGER] Configuring logging from /home/recht/eclipse/poc-provider/oiosaml/oiosaml-sp.log4j.xml
[2008-10-13 09:23:38,625] [INFO ] [httpWorkerThread-4848-1] [AUDIT_LOGGER] Configuring logging from /home/recht/eclipse/poc-provider/oiosaml/oiosaml-sp.log4j.xml
[2008-10-13 09:23:38,715] [INFO ] [httpWorkerThread-4848-1] [AUDIT_LOGGER] Configuring logging from /home/recht/eclipse/poc-provider/oiosaml/oiosaml-sp.log4j.xml
[2008-10-13 09:23:47,756] [INFO ] [httpWorkerThread-4848-1] [AUDIT_LOGGER] Configuring logging from /home/recht/eclipse/poc-provider/oiosaml/oiosaml-sp.log4j.xml
[2008-10-13 09:23:47,874] [INFO ] [httpWorkerThread-4848-1] [AUDIT_LOGGER] Configuring logging from /home/recht/eclipse/poc-provider/oiosaml/oiosaml-sp.log4j.xml
[2008-10-13 09:23:57,282] [INFO ] [httpWorkerThread-4848-1] [AUDIT_LOGGER] Configuring logging from /home/recht/eclipse/poc-provider/oiosaml/oiosaml-sp.log4j.xml
[2008-10-13 09:23:57,409] [INFO ] [httpWorkerThread-4848-1] [AUDIT_LOGGER] Configuring logging from /home/recht/eclipse/poc-provider/oiosaml/oiosaml-sp.log4j.xml
[2008-10-13 09:24:06,557] [INFO ] [httpWorkerThread-4848-1] [AUDIT_LOGGER] Configuring logging from /home/recht/eclipse/poc-provider/oiosaml/oiosaml-sp.log4j.xml
[2008-10-13 09:24:06,643] [INFO ] [httpWorkerThread-4848-1] [AUDIT_LOGGER] Configuring logging from /home/recht/eclipse/poc-provider/oiosaml/oiosaml-sp.log4j.xml
[2008-10-13 09:24:15,502] [INFO ] [httpWorkerThread-4848-1] [AUDIT_LOGGER] Configuring logging from /home/recht/eclipse/poc-provider/oiosaml/oiosaml-sp.log4j.xml
[2008-10-13 09:24:15,598] [INFO ] [httpWorkerThread-4848-1] [AUDIT_LOGGER] Configuring logging from /home/recht/eclipse/poc-provider/oiosaml/oiosaml-sp.log4j.xml
[2008-10-13 09:24:25,274] [INFO ] [httpWorkerThread-4848-1] [AUDIT_LOGGER] Configuring logging from /home/recht/eclipse/poc-provider/oiosaml/oiosaml-sp.log4j.xml
[2008-10-13 09:24:25,430] [INFO ] [httpWorkerThread-4848-1] [AUDIT_LOGGER] Configuring logging from /home/recht/eclipse/poc-provider/oiosaml/oiosaml-sp.log4j.xml
[2008-10-13 09:24:34,701] [INFO ] [httpWorkerThread-4848-0] [AUDIT_LOGGER] Configuring logging from /home/recht/eclipse/poc-provider/oiosaml/oiosaml-sp.log4j.xml
[2008-10-13 09:24:35,112] [INFO ] [httpWorkerThread-4848-0] [AUDIT_LOGGER] Configuring logging from /home/recht/eclipse/poc-provider/oiosaml/oiosaml-sp.log4j.xml
[2008-10-13 09:24:43,960] [INFO ] [httpWorkerThread-4848-0] [AUDIT_LOGGER] Configuring logging from /home/recht/eclipse/poc-provider/oiosaml/oiosaml-sp.log4j.xml
[2008-10-13 09:24:44,059] [INFO ] [httpWorkerThread-4848-0] [AUDIT_LOGGER] Configuring logging from /home/recht/eclipse/poc-provider/oiosaml/oiosaml-sp.log4j.xml
[2008-10-14 15:11:05,166] [INFO ] [httpWorkerThread-4848-1] [AUDIT_LOGGER] Configuring logging from /home/recht/eclipse/poc-provider/oiosaml/oiosaml-sp.log4j.xml
[2008-10-14 15:11:05,630] [INFO ] [httpWorkerThread-4848-1] [AUDIT_LOGGER] Configuring logging from /home/recht/eclipse/poc-provider/oiosaml/oiosaml-sp.log4j.xml
[2008-10-15 07:51:16,824] [INFO ] [httpWorkerThread-4848-0] [AUDIT_LOGGER] Configuring logging from /home/recht/eclipse/poc-provider/oiosaml/oiosaml-sp.log4j.xml
[2008-10-15 07:51:17,025] [INFO ] [httpWorkerThread-4848-0] [AUDIT_LOGGER] Configuring logging from /home/recht/eclipse/poc-provider/oiosaml/oiosaml-sp.log4j.xml
[2008-10-15 09:04:49,254] [INFO ] [pool-1-thread-4] [AUDIT_LOGGER] Configuring logging from /home/recht/eclipse/poc-provider/oiosaml/oiosaml-sp.log4j.xml
[2008-10-15 09:04:49,489] [INFO ] [pool-1-thread-4] [AUDIT_LOGGER] Configuring logging from /home/recht/eclipse/poc-provider/oiosaml/oiosaml-sp.log4j.xml
[2008-10-15 09:09:48,993] [INFO ] [httpWorkerThread-4848-1] [AUDIT_LOGGER] Configuring logging from /home/recht/eclipse/poc-provider/oiosaml/oiosaml-sp.log4j.xml
[2008-10-15 09:09:49,448] [INFO ] [httpWorkerThread-4848-1] [AUDIT_LOGGER] Configuring logging from /home/recht/eclipse/poc-provider/oiosaml/oiosaml-sp.log4j.xml
[2008-10-15 09:14:01,841] [INFO ] [pool-1-thread-6] [AUDIT_LOGGER] Configuring logging from /home/recht/eclipse/poc-provider/oiosaml/oiosaml-sp.log4j.xml
[2008-10-15 09:14:02,004] [INFO ] [pool-1-thread-6] [AUDIT_LOGGER] Configuring logging from /home/recht/eclipse/poc-provider/oiosaml/oiosaml-sp.log4j.xml
[2008-10-15 09:17:03,779] [INFO ] [httpWorkerThread-4848-1] [AUDIT_LOGGER] Configuring logging from /home/recht/eclipse/poc-provider/oiosaml/oiosaml-sp.log4j.xml
[2008-10-15 09:17:04,243] [INFO ] [httpWorkerThread-4848-1] [AUDIT_LOGGER] Configuring logging from /home/recht/eclipse/poc-provider/oiosaml/oiosaml-sp.log4j.xml
[2008-10-15 10:11:55,137] [INFO ] [httpWorkerThread-4848-1] [AUDIT_LOGGER] Configuring logging from /home/recht/eclipse/poc-provider/oiosaml/oiosaml-sp.log4j.xml
[2008-10-15 10:11:55,340] [INFO ] [httpWorkerThread-4848-1] [AUDIT_LOGGER] Configuring logging from /home/recht/eclipse/poc-provider/oiosaml/oiosaml-sp.log4j.xml
[2008-10-15 10:14:40,639] [INFO ] [httpWorkerThread-4848-0] [AUDIT_LOGGER] Configuring logging from /home/recht/eclipse/poc-provider/oiosaml/oiosaml-sp.log4j.xml
[2008-10-15 10:14:40,783] [INFO ] [httpWorkerThread-4848-0] [AUDIT_LOGGER] Configuring logging from /home/recht/eclipse/poc-provider/oiosaml/oiosaml-sp.log4j.xml
[2008-10-15 10:22:23,486] [INFO ] [httpWorkerThread-4848-0] [AUDIT_LOGGER] Configuring logging from /home/recht/eclipse/poc-provider/oiosaml/oiosaml-sp.log4j.xml
[2008-10-15 10:22:23,573] [INFO ] [httpWorkerThread-4848-0] [AUDIT_LOGGER] Configuring logging from /home/recht/eclipse/poc-provider/oiosaml/oiosaml-sp.log4j.xml
[2008-10-15 12:27:33,117] [INFO ] [pool-1-thread-5] [AUDIT_LOGGER] Configuring logging from /home/recht/eclipse/poc-provider/oiosaml/oiosaml-sp.log4j.xml
[2008-10-15 12:27:33,340] [INFO ] [pool-1-thread-5] [AUDIT_LOGGER] Configuring logging from /home/recht/eclipse/poc-provider/oiosaml/oiosaml-sp.log4j.xml
[2008-10-15 12:41:05,018] [INFO ] [pool-1-thread-3] [AUDIT_LOGGER] Configuring logging from /home/recht/eclipse/poc-provider/oiosaml/oiosaml-sp.log4j.xml
[2008-10-15 12:41:05,154] [INFO ] [pool-1-thread-3] [AUDIT_LOGGER] Configuring logging from /home/recht/eclipse/poc-provider/oiosaml/oiosaml-sp.log4j.xml
[2008-10-15 12:41:45,576] [INFO ] [httpWorkerThread-4848-1] [AUDIT_LOGGER] Configuring logging from /home/recht/eclipse/poc-provider/oiosaml/oiosaml-sp.log4j.xml
[2008-10-15 12:41:45,696] [INFO ] [httpWorkerThread-4848-1] [AUDIT_LOGGER] Configuring logging from /home/recht/eclipse/poc-provider/oiosaml/oiosaml-sp.log4j.xml
[2008-10-15 12:47:54,713] [INFO ] [pool-1-thread-4] [AUDIT_LOGGER] Configuring logging from /home/recht/eclipse/poc-provider/oiosaml/oiosaml-sp.log4j.xml
[2008-10-15 12:47:55,004] [INFO ] [pool-1-thread-4] [AUDIT_LOGGER] Configuring logging from /home/recht/eclipse/poc-provider/oiosaml/oiosaml-sp.log4j.xml
[2008-10-15 13:16:06,319] [INFO ] [pool-1-thread-3] [AUDIT_LOGGER] Configuring logging from /home/recht/eclipse/poc-provider/oiosaml/oiosaml-sp.log4j.xml
[2008-10-15 13:16:06,459] [INFO ] [pool-1-thread-3] [AUDIT_LOGGER] Configuring logging from /home/recht/eclipse/poc-provider/oiosaml/oiosaml-sp.log4j.xml
[2008-10-15 13:16:16,105] [INFO ] [httpWorkerThread-4848-1] [AUDIT_LOGGER] Configuring logging from /home/recht/eclipse/poc-provider/oiosaml/oiosaml-sp.log4j.xml
[2008-10-15 13:16:16,192] [INFO ] [httpWorkerThread-4848-1] [AUDIT_LOGGER] Configuring logging from /home/recht/eclipse/poc-provider/oiosaml/oiosaml-sp.log4j.xml
[2008-10-15 13:42:35,169] [INFO ] [pool-1-thread-4] [AUDIT_LOGGER] Configuring logging from /home/recht/eclipse/poc-provider/oiosaml/oiosaml-sp.log4j.xml
[2008-10-15 13:42:35,346] [INFO ] [pool-1-thread-4] [AUDIT_LOGGER] Configuring logging from /home/recht/eclipse/poc-provider/oiosaml/oiosaml-sp.log4j.xml
[2008-10-16 08:26:03,665] [INFO ] [pool-1-thread-3] [AUDIT_LOGGER] Configuring logging from /home/recht/eclipse/poc-provider/oiosaml/oiosaml-sp.log4j.xml
[2008-10-16 08:26:04,215] [INFO ] [pool-1-thread-3] [AUDIT_LOGGER] Configuring logging from /home/recht/eclipse/poc-provider/oiosaml/oiosaml-sp.log4j.xml
[2008-10-16 08:26:53,976] [INFO ] [httpWorkerThread-4848-1] [AUDIT_LOGGER] Configuring logging from /home/recht/eclipse/poc-provider/oiosaml/oiosaml-sp.log4j.xml
[2008-10-16 08:26:54,133] [INFO ] [httpWorkerThread-4848-1] [AUDIT_LOGGER] Configuring logging from /home/recht/eclipse/poc-provider/oiosaml/oiosaml-sp.log4j.xml
[2008-10-16 08:35:47,111] [INFO ] [pool-1-thread-3] [AUDIT_LOGGER] Configuring logging from /home/recht/eclipse/poc-provider/oiosaml/oiosaml-sp.log4j.xml
[2008-10-16 08:35:47,257] [INFO ] [pool-1-thread-3] [AUDIT_LOGGER] Configuring logging from /home/recht/eclipse/poc-provider/oiosaml/oiosaml-sp.log4j.xml
[2008-10-16 08:35:56,451] [INFO ] [httpWorkerThread-4848-0] [AUDIT_LOGGER] Configuring logging from /home/recht/eclipse/poc-provider/oiosaml/oiosaml-sp.log4j.xml
[2008-10-16 08:35:56,568] [INFO ] [httpWorkerThread-4848-0] [AUDIT_LOGGER] Configuring logging from /home/recht/eclipse/poc-provider/oiosaml/oiosaml-sp.log4j.xml
[2008-10-16 08:44:29,276] [INFO ] [pool-1-thread-4] [AUDIT_LOGGER] Configuring logging from /home/recht/eclipse/poc-provider/oiosaml/oiosaml-sp.log4j.xml
[2008-10-16 08:44:29,414] [INFO ] [pool-1-thread-4] [AUDIT_LOGGER] Configuring logging from /home/recht/eclipse/poc-provider/oiosaml/oiosaml-sp.log4j.xml
[2008-10-16 08:45:04,128] [INFO ] [pool-1-thread-6] [AUDIT_LOGGER] Configuring logging from /home/recht/eclipse/poc-provider/oiosaml/oiosaml-sp.log4j.xml
[2008-10-16 08:45:04,393] [INFO ] [pool-1-thread-6] [AUDIT_LOGGER] Configuring logging from /home/recht/eclipse/poc-provider/oiosaml/oiosaml-sp.log4j.xml
[2008-10-16 11:27:17,508] [INFO ] [pool-1-thread-6] [AUDIT_LOGGER] Configuring logging from /home/recht/eclipse/poc-provider/oiosaml/oiosaml-sp.log4j.xml
[2008-10-16 11:27:17,886] [INFO ] [pool-1-thread-6] [AUDIT_LOGGER] Configuring logging from /home/recht/eclipse/poc-provider/oiosaml/oiosaml-sp.log4j.xml
[2008-10-16 12:47:59,017] [INFO ] [httpWorkerThread-4848-1] [AUDIT_LOGGER] Configuring logging from /home/recht/eclipse/poc-provider/oiosaml/oiosaml-sp.log4j.xml
[2008-10-16 12:47:59,272] [INFO ] [httpWorkerThread-4848-1] [AUDIT_LOGGER] Configuring logging from /home/recht/eclipse/poc-provider/oiosaml/oiosaml-sp.log4j.xml
[2008-10-16 12:49:11,096] [INFO ] [httpWorkerThread-4848-0] [AUDIT_LOGGER] Configuring logging from /home/recht/eclipse/poc-provider/oiosaml/oiosaml-sp.log4j.xml
[2008-10-16 12:49:11,368] [INFO ] [httpWorkerThread-4848-0] [AUDIT_LOGGER] Configuring logging from /home/recht/eclipse/poc-provider/oiosaml/oiosaml-sp.log4j.xml
[2008-10-16 13:22:45,448] [INFO ] [pool-1-thread-4] [AUDIT_LOGGER] Configuring logging from /home/recht/eclipse/poc-provider/oiosaml/oiosaml-sp.log4j.xml
[2008-10-16 13:22:45,775] [INFO ] [pool-1-thread-4] [AUDIT_LOGGER] Configuring logging from /home/recht/eclipse/poc-provider/oiosaml/oiosaml-sp.log4j.xml
[2008-10-16 13:56:56,954] [INFO ] [httpWorkerThread-4848-0] [AUDIT_LOGGER] Configuring logging from /home/recht/eclipse/poc-provider/oiosaml/oiosaml-sp.log4j.xml
[2008-10-16 13:56:57,145] [INFO ] [httpWorkerThread-4848-0] [AUDIT_LOGGER] Configuring logging from /home/recht/eclipse/poc-provider/oiosaml/oiosaml-sp.log4j.xml
[2008-10-16 14:06:41,965] [INFO ] [httpWorkerThread-4848-0] [AUDIT_LOGGER] Configuring logging from /home/recht/eclipse/poc-provider/oiosaml/oiosaml-sp.log4j.xml
[2008-10-16 14:06:42,349] [INFO ] [httpWorkerThread-4848-0] [AUDIT_LOGGER] Configuring logging from /home/recht/eclipse/poc-provider/oiosaml/oiosaml-sp.log4j.xml
[2008-10-16 14:20:23,920] [INFO ] [httpWorkerThread-4848-1] [AUDIT_LOGGER] Configuring logging from /home/recht/eclipse/poc-provider/oiosaml/oiosaml-sp.log4j.xml
[2008-10-16 14:20:24,118] [INFO ] [httpWorkerThread-4848-1] [AUDIT_LOGGER] Configuring logging from /home/recht/eclipse/poc-provider/oiosaml/oiosaml-sp.log4j.xml
[2008-10-16 15:00:17,861] [INFO ] [pool-1-thread-6] [AUDIT_LOGGER] Configuring logging from /home/recht/eclipse/poc-provider/oiosaml/oiosaml-sp.log4j.xml
[2008-10-16 15:00:17,994] [INFO ] [pool-1-thread-6] [AUDIT_LOGGER] Configuring logging from /home/recht/eclipse/poc-provider/oiosaml/oiosaml-sp.log4j.xml
[2008-10-16 15:00:28,609] [INFO ] [httpWorkerThread-4848-1] [AUDIT_LOGGER] Configuring logging from /home/recht/eclipse/poc-provider/oiosaml/oiosaml-sp.log4j.xml
[2008-10-16 15:00:28,754] [INFO ] [httpWorkerThread-4848-1] [AUDIT_LOGGER] Configuring logging from /home/recht/eclipse/poc-provider/oiosaml/oiosaml-sp.log4j.xml
[2008-10-20 08:27:54,735] [INFO ] [pool-1-thread-4] [AUDIT_LOGGER] Configuring logging from /home/recht/eclipse/poc-provider/oiosaml/oiosaml-sp.log4j.xml
[2008-10-20 08:27:55,033] [INFO ] [pool-1-thread-4] [AUDIT_LOGGER] Configuring logging from /home/recht/eclipse/poc-provider/oiosaml/oiosaml-sp.log4j.xml
[2008-10-20 08:28:19,154] [INFO ] [httpWorkerThread-4848-1] [AUDIT_LOGGER] Configuring logging from /home/recht/eclipse/poc-provider/oiosaml/oiosaml-sp.log4j.xml
[2008-10-20 08:28:19,253] [INFO ] [httpWorkerThread-4848-1] [AUDIT_LOGGER] Configuring logging from /home/recht/eclipse/poc-provider/oiosaml/oiosaml-sp.log4j.xml
[2008-10-20 08:34:33,465] [INFO ] [httpWorkerThread-4848-1] [AUDIT_LOGGER] Configuring logging from /home/recht/eclipse/poc-provider/oiosaml/oiosaml-sp.log4j.xml
[2008-10-20 08:34:34,119] [INFO ] [httpWorkerThread-4848-1] [AUDIT_LOGGER] Configuring logging from /home/recht/eclipse/poc-provider/oiosaml/oiosaml-sp.log4j.xml
[2008-10-20 08:34:56,616] [INFO ] [httpWorkerThread-4848-1] [AUDIT_LOGGER] Configuring logging from /home/recht/eclipse/poc-provider/oiosaml/oiosaml-sp.log4j.xml
[2008-10-20 08:34:56,708] [INFO ] [httpWorkerThread-4848-1] [AUDIT_LOGGER] Configuring logging from /home/recht/eclipse/poc-provider/oiosaml/oiosaml-sp.log4j.xml
[2008-10-20 13:57:20,808] [INFO ] [pool-1-thread-1] [AUDIT_LOGGER] Configuring logging from /home/recht/eclipse/poc-provider/oiosaml/oiosaml-sp.log4j.xml
[2008-10-20 13:57:21,127] [INFO ] [pool-1-thread-1] [AUDIT_LOGGER] Configuring logging from /home/recht/eclipse/poc-provider/oiosaml/oiosaml-sp.log4j.xml
[2008-10-20 13:57:35,464] [INFO ] [httpWorkerThread-4848-0] [AUDIT_LOGGER] Configuring logging from /home/recht/eclipse/poc-provider/oiosaml/oiosaml-sp.log4j.xml
[2008-10-20 13:57:35,565] [INFO ] [httpWorkerThread-4848-0] [AUDIT_LOGGER] Configuring logging from /home/recht/eclipse/poc-provider/oiosaml/oiosaml-sp.log4j.xml
[2008-10-20 14:07:15,195] [INFO ] [httpWorkerThread-4848-0] [AUDIT_LOGGER] Configuring logging from /home/recht/eclipse/poc-provider/oiosaml/oiosaml-sp.log4j.xml
[2008-10-20 14:07:15,332] [INFO ] [httpWorkerThread-4848-0] [AUDIT_LOGGER] Configuring logging from /home/recht/eclipse/poc-provider/oiosaml/oiosaml-sp.log4j.xml
[2008-10-20 14:39:53,152] [INFO ] [httpWorkerThread-4848-1] [AUDIT_LOGGER] Configuring logging from /home/recht/eclipse/poc-provider/oiosaml/oiosaml-sp.log4j.xml
[2008-10-20 14:39:53,686] [INFO ] [httpWorkerThread-4848-1] [AUDIT_LOGGER] Configuring logging from /home/recht/eclipse/poc-provider/oiosaml/oiosaml-sp.log4j.xml
[2008-10-20 14:59:45,064] [INFO ] [httpWorkerThread-4848-0] [AUDIT_LOGGER] Configuring logging from /home/recht/eclipse/poc-provider/oiosaml/oiosaml-sp.log4j.xml
[2008-10-20 14:59:45,180] [INFO ] [httpWorkerThread-4848-0] [AUDIT_LOGGER] Configuring logging from /home/recht/eclipse/poc-provider/oiosaml/oiosaml-sp.log4j.xml
[2008-10-20 15:25:41,052] [INFO ] [pool-1-thread-3] [AUDIT_LOGGER] Configuring logging from /home/recht/eclipse/poc-provider/oiosaml/oiosaml-sp.log4j.xml
[2008-10-20 15:25:41,308] [INFO ] [pool-1-thread-3] [AUDIT_LOGGER] Configuring logging from /home/recht/eclipse/poc-provider/oiosaml/oiosaml-sp.log4j.xml
[2008-10-20 15:26:36,776] [INFO ] [httpWorkerThread-4848-1] [AUDIT_LOGGER] Configuring logging from /home/recht/eclipse/poc-provider/oiosaml/oiosaml-sp.log4j.xml
[2008-10-20 15:26:36,895] [INFO ] [httpWorkerThread-4848-1] [AUDIT_LOGGER] Configuring logging from /home/recht/eclipse/poc-provider/oiosaml/oiosaml-sp.log4j.xml
[2008-10-20 15:28:00,241] [INFO ] [httpWorkerThread-4848-0] [AUDIT_LOGGER] Configuring logging from /home/recht/eclipse/poc-provider/oiosaml/oiosaml-sp.log4j.xml
[2008-10-20 15:28:00,352] [INFO ] [httpWorkerThread-4848-0] [AUDIT_LOGGER] Configuring logging from /home/recht/eclipse/poc-provider/oiosaml/oiosaml-sp.log4j.xml
[2008-10-20 15:29:39,053] [INFO ] [httpWorkerThread-4848-0] [AUDIT_LOGGER] Configuring logging from /home/recht/eclipse/poc-provider/oiosaml/oiosaml-sp.log4j.xml
[2008-10-20 15:29:39,143] [INFO ] [httpWorkerThread-4848-0] [AUDIT_LOGGER] Configuring logging from /home/recht/eclipse/poc-provider/oiosaml/oiosaml-sp.log4j.xml
[2008-10-20 15:30:44,882] [INFO ] [httpWorkerThread-4848-0] [AUDIT_LOGGER] Configuring logging from /home/recht/eclipse/poc-provider/oiosaml/oiosaml-sp.log4j.xml
[2008-10-20 15:30:45,050] [INFO ] [httpWorkerThread-4848-0] [AUDIT_LOGGER] Configuring logging from /home/recht/eclipse/poc-provider/oiosaml/oiosaml-sp.log4j.xml
[2008-10-20 15:32:31,561] [INFO ] [httpWorkerThread-4848-0] [AUDIT_LOGGER] Configuring logging from /home/recht/eclipse/poc-provider/oiosaml/oiosaml-sp.log4j.xml
[2008-10-20 15:32:31,666] [INFO ] [httpWorkerThread-4848-0] [AUDIT_LOGGER] Configuring logging from /home/recht/eclipse/poc-provider/oiosaml/oiosaml-sp.log4j.xml
[2008-10-20 15:33:10,972] [INFO ] [httpWorkerThread-4848-1] [AUDIT_LOGGER] Configuring logging from /home/recht/eclipse/poc-provider/oiosaml/oiosaml-sp.log4j.xml
[2008-10-20 15:33:11,075] [INFO ] [httpWorkerThread-4848-1] [AUDIT_LOGGER] Configuring logging from /home/recht/eclipse/poc-provider/oiosaml/oiosaml-sp.log4j.xml
[2008-10-20 15:33:57,456] [INFO ] [httpWorkerThread-4848-0] [AUDIT_LOGGER] Configuring logging from /home/recht/eclipse/poc-provider/oiosaml/oiosaml-sp.log4j.xml
[2008-10-20 15:33:57,564] [INFO ] [httpWorkerThread-4848-0] [AUDIT_LOGGER] Configuring logging from /home/recht/eclipse/poc-provider/oiosaml/oiosaml-sp.log4j.xml
[2008-10-20 15:57:48,206] [INFO ] [httpWorkerThread-4848-1] [AUDIT_LOGGER] Configuring logging from /home/recht/eclipse/poc-provider/oiosaml/oiosaml-sp.log4j.xml
[2008-10-20 15:57:48,363] [INFO ] [httpWorkerThread-4848-1] [AUDIT_LOGGER] Configuring logging from /home/recht/eclipse/poc-provider/oiosaml/oiosaml-sp.log4j.xml
[2008-10-20 15:59:17,371] [INFO ] [httpWorkerThread-4848-0] [AUDIT_LOGGER] Configuring logging from /home/recht/eclipse/poc-provider/oiosaml/oiosaml-sp.log4j.xml
[2008-10-20 15:59:17,503] [INFO ] [httpWorkerThread-4848-0] [AUDIT_LOGGER] Configuring logging from /home/recht/eclipse/poc-provider/oiosaml/oiosaml-sp.log4j.xml
[2008-10-20 16:00:21,326] [INFO ] [httpWorkerThread-4848-0] [AUDIT_LOGGER] Configuring logging from /home/recht/eclipse/poc-provider/oiosaml/oiosaml-sp.log4j.xml
[2008-10-20 16:00:21,526] [INFO ] [httpWorkerThread-4848-0] [AUDIT_LOGGER] Configuring logging from /home/recht/eclipse/poc-provider/oiosaml/oiosaml-sp.log4j.xml
[2008-10-20 16:00:46,644] [INFO ] [httpWorkerThread-4848-0] [AUDIT_LOGGER] Configuring logging from /home/recht/eclipse/poc-provider/oiosaml/oiosaml-sp.log4j.xml
[2008-10-20 16:00:46,766] [INFO ] [httpWorkerThread-4848-0] [AUDIT_LOGGER] Configuring logging from /home/recht/eclipse/poc-provider/oiosaml/oiosaml-sp.log4j.xml
[2008-10-21 08:39:43,814] [INFO ] [pool-1-thread-5] [AUDIT_LOGGER] Configuring logging from /home/recht/eclipse/poc-provider/oiosaml/oiosaml-sp.log4j.xml
[2008-10-21 08:39:44,163] [INFO ] [pool-1-thread-5] [AUDIT_LOGGER] Configuring logging from /home/recht/eclipse/poc-provider/oiosaml/oiosaml-sp.log4j.xml
[2008-10-21 09:59:22,897] [INFO ] [httpWorkerThread-4848-2] [AUDIT_LOGGER] Configuring logging from /home/recht/eclipse/poc-provider/oiosaml/oiosaml-sp.log4j.xml
[2008-10-21 09:59:23,121] [INFO ] [httpWorkerThread-4848-2] [AUDIT_LOGGER] Configuring logging from /home/recht/eclipse/poc-provider/oiosaml/oiosaml-sp.log4j.xml
[2008-10-21 11:08:49,412] [INFO ] [pool-1-thread-6] [AUDIT_LOGGER] Configuring logging from /home/recht/eclipse/poc-provider/oiosaml/oiosaml-sp.log4j.xml
[2008-10-21 11:08:49,611] [INFO ] [pool-1-thread-6] [AUDIT_LOGGER] Configuring logging from /home/recht/eclipse/poc-provider/oiosaml/oiosaml-sp.log4j.xml
[2008-10-21 11:50:34,114] [INFO ] [httpWorkerThread-4848-0] [AUDIT_LOGGER] Configuring logging from /home/recht/eclipse/poc-provider/oiosaml/oiosaml-sp.log4j.xml
[2008-10-21 11:50:34,403] [INFO ] [httpWorkerThread-4848-0] [AUDIT_LOGGER] Configuring logging from /home/recht/eclipse/poc-provider/oiosaml/oiosaml-sp.log4j.xml
[2008-10-21 11:52:58,519] [INFO ] [httpWorkerThread-4848-1] [AUDIT_LOGGER] Configuring logging from /home/recht/eclipse/poc-provider/oiosaml/oiosaml-sp.log4j.xml
[2008-10-21 11:52:58,771] [INFO ] [httpWorkerThread-4848-1] [AUDIT_LOGGER] Configuring logging from /home/recht/eclipse/poc-provider/oiosaml/oiosaml-sp.log4j.xml
[2008-10-21 11:53:57,589] [INFO ] [httpWorkerThread-4848-1] [AUDIT_LOGGER] Configuring logging from /home/recht/eclipse/poc-provider/oiosaml/oiosaml-sp.log4j.xml
[2008-10-21 11:53:57,843] [INFO ] [httpWorkerThread-4848-1] [AUDIT_LOGGER] Configuring logging from /home/recht/eclipse/poc-provider/oiosaml/oiosaml-sp.log4j.xml
[2008-10-21 13:20:44,118] [INFO ] [httpWorkerThread-4848-0] [AUDIT_LOGGER] Configuring logging from /home/recht/eclipse/poc-provider/oiosaml/oiosaml-sp.log4j.xml
[2008-10-21 13:20:44,608] [INFO ] [httpWorkerThread-4848-0] [AUDIT_LOGGER] Configuring logging from /home/recht/eclipse/poc-provider/oiosaml/oiosaml-sp.log4j.xml
[2008-10-21 13:53:30,736] [INFO ] [httpWorkerThread-4848-1] [AUDIT_LOGGER] Configuring logging from /home/recht/eclipse/poc-provider/oiosaml/oiosaml-sp.log4j.xml
[2008-10-21 13:53:31,207] [INFO ] [httpWorkerThread-4848-1] [AUDIT_LOGGER] Configuring logging from /home/recht/eclipse/poc-provider/oiosaml/oiosaml-sp.log4j.xml
[2008-10-21 13:59:18,928] [INFO ] [httpWorkerThread-4848-0] [AUDIT_LOGGER] Configuring logging from /home/recht/eclipse/poc-provider/oiosaml/oiosaml-sp.log4j.xml
[2008-10-21 13:59:19,250] [INFO ] [httpWorkerThread-4848-0] [AUDIT_LOGGER] Configuring logging from /home/recht/eclipse/poc-provider/oiosaml/oiosaml-sp.log4j.xml
[2008-10-21 14:10:07,885] [INFO ] [httpWorkerThread-4848-0] [AUDIT_LOGGER] Configuring logging from /home/recht/eclipse/poc-provider/oiosaml/oiosaml-sp.log4j.xml
[2008-10-21 14:10:08,314] [INFO ] [httpWorkerThread-4848-0] [AUDIT_LOGGER] Configuring logging from /home/recht/eclipse/poc-provider/oiosaml/oiosaml-sp.log4j.xml
[2008-10-21 14:31:23,598] [INFO ] [httpWorkerThread-4848-1] [AUDIT_LOGGER] Configuring logging from /home/recht/eclipse/poc-provider/oiosaml/oiosaml-sp.log4j.xml
[2008-10-21 14:31:23,843] [INFO ] [httpWorkerThread-4848-1] [AUDIT_LOGGER] Configuring logging from /home/recht/eclipse/poc-provider/oiosaml/oiosaml-sp.log4j.xml
[2008-10-21 14:47:39,804] [INFO ] [httpWorkerThread-4848-0] [AUDIT_LOGGER] Configuring logging from /home/recht/eclipse/poc-provider/oiosaml/oiosaml-sp.log4j.xml
[2008-10-21 14:47:40,247] [INFO ] [httpWorkerThread-4848-0] [AUDIT_LOGGER] Configuring logging from /home/recht/eclipse/poc-provider/oiosaml/oiosaml-sp.log4j.xml
[2008-10-21 14:53:06,726] [INFO ] [httpWorkerThread-4848-0] [AUDIT_LOGGER] Configuring logging from /home/recht/eclipse/poc-provider/oiosaml/oiosaml-sp.log4j.xml
[2008-10-21 14:53:07,128] [INFO ] [httpWorkerThread-4848-0] [AUDIT_LOGGER] Configuring logging from /home/recht/eclipse/poc-provider/oiosaml/oiosaml-sp.log4j.xml
[2008-10-21 15:01:43,604] [INFO ] [httpWorkerThread-4848-0] [AUDIT_LOGGER] Configuring logging from /home/recht/eclipse/poc-provider/oiosaml/oiosaml-sp.log4j.xml
[2008-10-21 15:01:43,937] [INFO ] [httpWorkerThread-4848-0] [AUDIT_LOGGER] Configuring logging from /home/recht/eclipse/poc-provider/oiosaml/oiosaml-sp.log4j.xml
[2008-10-28 13:12:54,320] [INFO ] [pool-1-thread-1] [AUDIT_LOGGER] Configuring logging from /home/recht/eclipse/poc-provider/oiosaml/oiosaml-sp.log4j.xml
[2008-10-28 13:12:54,559] [INFO ] [pool-1-thread-1] [AUDIT_LOGGER] Configuring logging from /home/recht/eclipse/poc-provider/oiosaml/oiosaml-sp.log4j.xml
[2008-10-28 13:13:16,506] [INFO ] [httpWorkerThread-4848-2] [AUDIT_LOGGER] Configuring logging from /home/recht/eclipse/poc-provider/oiosaml/oiosaml-sp.log4j.xml
[2008-10-28 13:13:16,603] [INFO ] [httpWorkerThread-4848-2] [AUDIT_LOGGER] Configuring logging from /home/recht/eclipse/poc-provider/oiosaml/oiosaml-sp.log4j.xml
[2008-10-28 13:25:30,878] [INFO ] [httpWorkerThread-4848-2] [AUDIT_LOGGER] Configuring logging from /home/recht/eclipse/poc-provider/oiosaml/oiosaml-sp.log4j.xml
[2008-10-28 13:25:30,971] [INFO ] [httpWorkerThread-4848-2] [AUDIT_LOGGER] Configuring logging from /home/recht/eclipse/poc-provider/oiosaml/oiosaml-sp.log4j.xml
[2008-10-28 13:26:47,067] [INFO ] [httpWorkerThread-4848-0] [AUDIT_LOGGER] Configuring logging from /home/recht/eclipse/poc-provider/oiosaml/oiosaml-sp.log4j.xml
[2008-10-28 13:26:47,159] [INFO ] [httpWorkerThread-4848-0] [AUDIT_LOGGER] Configuring logging from /home/recht/eclipse/poc-provider/oiosaml/oiosaml-sp.log4j.xml
[2008-11-03 15:25:02,879] [INFO ] [pool-1-thread-3] [AUDIT_LOGGER] Configuring logging from /home/recht/eclipse/poc-provider/oiosaml/oiosaml-sp.log4j.xml
[2008-11-03 15:25:03,139] [INFO ] [pool-1-thread-3] [AUDIT_LOGGER] Configuring logging from /home/recht/eclipse/poc-provider/oiosaml/oiosaml-sp.log4j.xml
[2008-11-03 15:25:22,070] [INFO ] [httpWorkerThread-4848-0] [AUDIT_LOGGER] Configuring logging from /home/recht/eclipse/poc-provider/oiosaml/oiosaml-sp.log4j.xml
[2008-11-03 15:25:22,163] [INFO ] [httpWorkerThread-4848-0] [AUDIT_LOGGER] Configuring logging from /home/recht/eclipse/poc-provider/oiosaml/oiosaml-sp.log4j.xml
[2008-11-03 16:30:10,407] [INFO ] [pool-1-thread-4] [AUDIT_LOGGER] Configuring logging from /home/recht/eclipse/poc-provider/oiosaml/oiosaml-sp.log4j.xml
[2008-11-03 16:30:10,693] [INFO ] [pool-1-thread-4] [AUDIT_LOGGER] Configuring logging from /home/recht/eclipse/poc-provider/oiosaml/oiosaml-sp.log4j.xml
[2008-11-04 09:17:34,686] [INFO ] [pool-1-thread-6] [AUDIT_LOGGER] Configuring logging from /home/recht/eclipse/poc-provider/oiosaml/oiosaml-sp.log4j.xml
[2008-11-04 09:17:35,024] [INFO ] [pool-1-thread-6] [AUDIT_LOGGER] Configuring logging from /home/recht/eclipse/poc-provider/oiosaml/oiosaml-sp.log4j.xml
[2008-11-04 09:30:19,839] [INFO ] [httpWorkerThread-4848-0] [AUDIT_LOGGER] Configuring logging from /home/recht/eclipse/poc-provider/oiosaml/oiosaml-sp.log4j.xml
[2008-11-04 09:30:20,030] [INFO ] [httpWorkerThread-4848-0] [AUDIT_LOGGER] Configuring logging from /home/recht/eclipse/poc-provider/oiosaml/oiosaml-sp.log4j.xml
[2008-11-04 09:33:52,999] [INFO ] [httpWorkerThread-4848-1] [AUDIT_LOGGER] Configuring logging from /home/recht/eclipse/poc-provider/oiosaml/oiosaml-sp.log4j.xml
[2008-11-04 09:33:53,238] [INFO ] [httpWorkerThread-4848-1] [AUDIT_LOGGER] Configuring logging from /home/recht/eclipse/poc-provider/oiosaml/oiosaml-sp.log4j.xml
[2008-11-04 14:39:01,215] [INFO ] [pool-1-thread-4] [AUDIT_LOGGER] Configuring logging from /home/recht/eclipse/poc-provider/oiosaml/oiosaml-sp.log4j.xml
[2008-11-04 14:39:01,499] [INFO ] [pool-1-thread-4] [AUDIT_LOGGER] Configuring logging from /home/recht/eclipse/poc-provider/oiosaml/oiosaml-sp.log4j.xml
[2008-11-04 14:39:17,890] [INFO ] [httpWorkerThread-4848-0] [AUDIT_LOGGER] Configuring logging from /home/recht/eclipse/poc-provider/oiosaml/oiosaml-sp.log4j.xml
[2008-11-04 14:39:18,119] [INFO ] [httpWorkerThread-4848-0] [AUDIT_LOGGER] Configuring logging from /home/recht/eclipse/poc-provider/oiosaml/oiosaml-sp.log4j.xml
[2008-11-05 12:03:43,537] [INFO ] [httpWorkerThread-4848-1] [AUDIT_LOGGER] Configuring logging from /home/recht/eclipse/poc-provider/oiosaml/oiosaml-sp.log4j.xml
[2008-11-05 12:03:43,793] [INFO ] [httpWorkerThread-4848-1] [AUDIT_LOGGER] Configuring logging from /home/recht/eclipse/poc-provider/oiosaml/oiosaml-sp.log4j.xml
[2008-11-05 12:04:30,203] [INFO ] [httpWorkerThread-4848-0] [AUDIT_LOGGER] Configuring logging from /home/recht/eclipse/poc-provider/oiosaml/oiosaml-sp.log4j.xml
[2008-11-05 12:04:30,390] [INFO ] [httpWorkerThread-4848-0] [AUDIT_LOGGER] Configuring logging from /home/recht/eclipse/poc-provider/oiosaml/oiosaml-sp.log4j.xml
[2008-11-05 12:05:01,754] [INFO ] [httpWorkerThread-4848-0] [AUDIT_LOGGER] Configuring logging from /home/recht/eclipse/poc-provider/oiosaml/oiosaml-sp.log4j.xml
[2008-11-05 12:05:02,060] [INFO ] [httpWorkerThread-4848-0] [AUDIT_LOGGER] Configuring logging from /home/recht/eclipse/poc-provider/oiosaml/oiosaml-sp.log4j.xml
[2008-11-05 12:25:25,720] [INFO ] [pool-1-thread-3] [AUDIT_LOGGER] Configuring logging from /home/recht/eclipse/poc-provider/oiosaml/oiosaml-sp.log4j.xml
[2008-11-05 12:25:26,014] [INFO ] [pool-1-thread-3] [AUDIT_LOGGER] Configuring logging from /home/recht/eclipse/poc-provider/oiosaml/oiosaml-sp.log4j.xml
[2008-11-07 13:01:42,379] [INFO ] [httpSSLWorkerThread-8880-1] [AUDIT_LOGGER] [recht-laptop] [Authn] [dk.itst.oiosaml.sp.service.LoginHandler:] [] [AUDIT] [Authn] [null] [null] [NORMAL] [] [] [<AuthnRequest>=[<?xml version="1.0" encoding="UTF-8"?><samlp:AuthnRequest xmlns:samlp="urn:oasis:names:tc:SAML:2.0:protocol" Destination="https://saml-idp.trifork.com:9031/idp/SSO.saml2" ForceAuthn="false" ID="_efc06d9e-2529-47a5-a775-97e1b5922294" IsPassive="false" IssueInstant="2008-11-07T13:01:42.335Z" ProtocolBinding="urn:oasis:names:tc:SAML:2.0:bindings:HTTP-POST" Version="2.0"><saml:Issuer xmlns:saml="urn:oasis:names:tc:SAML:2.0:assertion">saml.poc-provider.trifork.com</saml:Issuer></samlp:AuthnRequest>]]
[2008-11-07 13:03:13,403] [INFO ] [httpSSLWorkerThread-8880-0] [AUDIT_LOGGER] [recht-laptop] [Authn] [dk.itst.oiosaml.sp.service.LoginHandler:] [] [AUDIT] [Authn] [null] [null] [NORMAL] [] [] [<AuthnRequest>=[<?xml version="1.0" encoding="UTF-8"?><samlp:AuthnRequest xmlns:samlp="urn:oasis:names:tc:SAML:2.0:protocol" Destination="https://oiosaml.trifork.com/simplesaml/saml2/idp/SSOService.php" ForceAuthn="false" ID="_2cdc186f-664b-47f1-b76f-4b7ccec6de28" IsPassive="false" IssueInstant="2008-11-07T13:03:13.363Z" ProtocolBinding="urn:oasis:names:tc:SAML:2.0:bindings:HTTP-POST" Version="2.0"><saml:Issuer xmlns:saml="urn:oasis:names:tc:SAML:2.0:assertion">saml.poc-provider.trifork.com</saml:Issuer></samlp:AuthnRequest>]]
[2008-11-07 13:26:52,317] [INFO ] [httpSSLWorkerThread-8880-1] [AUDIT_LOGGER] [recht-laptop] [Authn] [dk.itst.oiosaml.sp.service.LoginHandler:] [] [AUDIT] [Authn] [null] [null] [NORMAL] [] [] [<AuthnRequest>=[<?xml version="1.0" encoding="UTF-8"?><samlp:AuthnRequest xmlns:samlp="urn:oasis:names:tc:SAML:2.0:protocol" Destination="https://oiosaml.trifork.com/simplesaml/saml2/idp/SSOService.php" ForceAuthn="false" ID="_7beeb464-5a3d-49cf-a31f-b01ecca190d5" IsPassive="false" IssueInstant="2008-11-07T13:26:52.315Z" ProtocolBinding="urn:oasis:names:tc:SAML:2.0:bindings:HTTP-POST" Version="2.0"><saml:Issuer xmlns:saml="urn:oasis:names:tc:SAML:2.0:assertion">saml.poc-provider.trifork.com</saml:Issuer></samlp:AuthnRequest>]]
[2008-11-07 13:28:20,969] [INFO ] [httpSSLWorkerThread-8880-1] [AUDIT_LOGGER] [recht-laptop] [Authn] [dk.itst.oiosaml.sp.service.LoginHandler:] [] [AUDIT] [Authn] [null] [null] [NORMAL] [] [] [<AuthnRequest>=[<?xml version="1.0" encoding="UTF-8"?><samlp:AuthnRequest xmlns:samlp="urn:oasis:names:tc:SAML:2.0:protocol" Destination="https://oiosaml.trifork.com/simplesaml/saml2/idp/SSOService.php" ForceAuthn="false" ID="_8b5b859e-1ff7-4bd2-a1df-fbd199c2f67b" IsPassive="false" IssueInstant="2008-11-07T13:28:20.963Z" ProtocolBinding="urn:oasis:names:tc:SAML:2.0:bindings:HTTP-POST" Version="2.0"><saml:Issuer xmlns:saml="urn:oasis:names:tc:SAML:2.0:assertion">saml.poc-provider.trifork.com</saml:Issuer></samlp:AuthnRequest>]]
[2008-11-07 13:28:22,522] [INFO ] [httpSSLWorkerThread-8880-0] [AUDIT_LOGGER] [recht-laptop] [SAMLAssertionConsumerHandler] [dk.itst.oiosaml.sp.service.SAMLAssertionConsumerHandler:$Id: SAMLAssertionConsumerHandler.java 2910 2008-05-21 13:07:31Z jre $] [] [AUDIT] [SAMLAssertionConsumerHandler] [C=DK,O=Ingen organisatorisk tilknytning,CN=Joakim Recht+SERIALNUMBER=PID:9802-2002-2-926955893863] [null] [NORMAL] [] [] [info=[Received assertion pfxae00a3b5-973e-522a-9e5b-0745f9c6ac72]]
[2008-11-07 13:29:00,850] [INFO ] [httpSSLWorkerThread-8880-0] [AUDIT_LOGGER] [recht-laptop] [Authn] [dk.itst.oiosaml.sp.service.LoginHandler:] [] [AUDIT] [Authn] [null] [null] [NORMAL] [] [] [<AuthnRequest>=[<?xml version="1.0" encoding="UTF-8"?><samlp:AuthnRequest xmlns:samlp="urn:oasis:names:tc:SAML:2.0:protocol" Destination="https://oiosaml.trifork.com/simplesaml/saml2/idp/SSOService.php" ForceAuthn="false" ID="_4de31f24-219c-4c57-b270-0d65def6fa96" IsPassive="false" IssueInstant="2008-11-07T13:29:00.844Z" ProtocolBinding="urn:oasis:names:tc:SAML:2.0:bindings:HTTP-POST" Version="2.0"><saml:Issuer xmlns:saml="urn:oasis:names:tc:SAML:2.0:assertion">saml.poc-provider.trifork.com</saml:Issuer></samlp:AuthnRequest>]]
[2008-11-07 13:29:02,841] [INFO ] [httpSSLWorkerThread-8880-1] [AUDIT_LOGGER] [recht-laptop] [SAMLAssertionConsumerHandler] [dk.itst.oiosaml.sp.service.SAMLAssertionConsumerHandler:$Id: SAMLAssertionConsumerHandler.java 2910 2008-05-21 13:07:31Z jre $] [] [AUDIT] [SAMLAssertionConsumerHandler] [C=DK,O=Ingen organisatorisk tilknytning,CN=Joakim Recht+SERIALNUMBER=PID:9802-2002-2-926955893863] [null] [NORMAL] [] [] [info=[Received assertion pfx73ae7d7e-5fbc-ebe7-803f-35413f8a6227]]
